\BOOKMARK [0][-]{chapter*.1}{\376\377\000O\000v\000e\000r\000\040\000d\000i\000t\000\040\000D\000o\000c\000u\000m\000e\000n\000t}{}% 1
\BOOKMARK [0][-]{chapter.1}{\376\377\000W\000a\000t\000\040\000i\000s\000\040\000P\000y\000t\000h\000o\000n\000?}{}% 2
\BOOKMARK [1][-]{section.1.1}{\376\377\000O\000p\000d\000r\000a\000c\000h\000t\000e\000n}{chapter.1}% 3
\BOOKMARK [1][-]{section.1.2}{\376\377\000I\000n\000s\000t\000a\000l\000l\000a\000t\000i\000e\000\040\000v\000a\000n\000\040\000d\000e\000\040\000P\000y\000t\000h\000o\000n\000-\000i\000n\000t\000e\000r\000p\000r\000e\000t\000e\000r}{chapter.1}% 4
\BOOKMARK [2][-]{subsection.1.2.1}{\376\377\000W\000i\000n\000d\000o\000w\000s}{section.1.2}% 5
\BOOKMARK [0][-]{chapter.2}{\376\377\000P\000y\000t\000h\000o\000n\000\040\000a\000l\000s\000\040\000r\000e\000k\000e\000n\000m\000a\000c\000h\000i\000n\000e}{}% 6
\BOOKMARK [1][-]{section.2.1}{\376\377\000O\000p\000d\000r\000a\000c\000h\000t\000e\000n}{chapter.2}% 7
\BOOKMARK [1][-]{section.2.2}{\376\377\000V\000e\000r\000d\000i\000e\000p\000i\000n\000g\000\040\000m\000o\000d\000u\000l\000o\000\040\000e\000n\000\040\000f\000l\000o\000o\000r\000\040\000d\000i\000v\000i\000s\000i\000o\000n}{chapter.2}% 8
\BOOKMARK [2][-]{subsection.2.2.1}{\376\377\000O\000p\000d\000r\000a\000c\000h\000t\000e\000n}{section.2.2}% 9
\BOOKMARK [0][-]{chapter.3}{\376\377\000I\000D\000E}{}% 10
\BOOKMARK [1][-]{section.3.1}{\376\377\000V\000i\000s\000u\000a\000l\000\040\000S\000t\000u\000d\000i\000o\000\040\000C\000o\000d\000e}{chapter.3}% 11
\BOOKMARK [0][-]{chapter.4}{\376\377\000V\000a\000r\000i\000a\000b\000e\000l\000e\000n}{}% 12
\BOOKMARK [1][-]{section.4.1}{\376\377\000i\000n\000t\000,\000\040\000f\000l\000o\000a\000t\000,\000\040\000c\000o\000m\000p\000l\000e\000x}{chapter.4}% 13
\BOOKMARK [1][-]{section.4.2}{\376\377\000s\000t\000r\000i\000n\000g}{chapter.4}% 14
\BOOKMARK [1][-]{section.4.3}{\376\377\000b\000o\000o\000l\000e\000a\000n}{chapter.4}% 15
\BOOKMARK [1][-]{section.4.4}{\376\377\000C\000a\000s\000t\000i\000n\000g}{chapter.4}% 16
\BOOKMARK [0][-]{chapter.5}{\376\377\000O\000p\000e\000r\000a\000t\000o\000r\000s}{}% 17
\BOOKMARK [0][-]{chapter.6}{\376\377\000I\000f\000-\000s\000t\000a\000t\000e\000m\000e\000n\000t\000s\000\040\000\050\000C\000o\000n\000d\000i\000t\000i\000e\000s\000\051}{}% 18
\BOOKMARK [0][-]{chapter.7}{\376\377\000O\000r\000d\000e\000n\000e\000n\000\040\000v\000a\000n\000\040\000d\000a\000t\000a}{}% 19
\BOOKMARK [1][-]{section.7.1}{\376\377\000l\000i\000s\000t\000,\000\040\000t\000u\000p\000l\000e\000,\000\040\000r\000a\000n\000g\000e}{chapter.7}% 20
\BOOKMARK [1][-]{section.7.2}{\376\377\000D\000i\000c\000t\000i\000o\000n\000a\000r\000i\000e\000s\000\040\000\050\000K\000e\000y\000/\000V\000a\000l\000u\000e\000\040\000p\000a\000i\000r\000s\000\051}{chapter.7}% 21
\BOOKMARK [1][-]{section.7.3}{\376\377\000s\000e\000t\000,\000\040\000f\000r\000o\000z\000e\000n\000s\000e\000t}{chapter.7}% 22
\BOOKMARK [0][-]{chapter.8}{\376\377\000F\000o\000r\000-\000s\000t\000a\000t\000e\000m\000e\000n\000t\000s}{}% 23
\BOOKMARK [0][-]{chapter.9}{\376\377\000W\000h\000i\000l\000e\000-\000s\000t\000a\000t\000e\000m\000e\000n\000t\000s}{}% 24
\BOOKMARK [0][-]{chapter.10}{\376\377\000F\000o\000r\000,\000\040\000W\000h\000i\000l\000e}{}% 25
\BOOKMARK [1][-]{section.10.1}{\376\377\000V\000e\000r\000s\000c\000h\000i\000l\000l\000e\000n\000\040\000t\000u\000s\000s\000e\000n\000\040\000f\000o\000r\000\040\000e\000n\000\040\000w\000h\000i\000l\000e}{chapter.10}% 26
\BOOKMARK [2][-]{subsection.10.1.1}{\376\377\000F\000o\000r\000-\000l\000o\000o\000p}{section.10.1}% 27
\BOOKMARK [2][-]{subsection.10.1.2}{\376\377\000W\000h\000i\000l\000e\000-\000l\000o\000o\000p}{section.10.1}% 28
\BOOKMARK [1][-]{section.10.2}{\376\377\000S\000a\000m\000e\000n\000v\000a\000t\000t\000i\000n\000g}{chapter.10}% 29
\BOOKMARK [1][-]{section.10.3}{\376\377\000V\000r\000a\000g\000e\000n}{chapter.10}% 30
\BOOKMARK [1][-]{section.10.4}{\376\377\000O\000p\000d\000r\000a\000c\000h\000t\000e\000n}{chapter.10}% 31
\BOOKMARK [0][-]{chapter.11}{\376\377\000B\000r\000e\000a\000k\000,\000\040\000C\000o\000n\000t\000i\000n\000u\000e}{}% 32
\BOOKMARK [1][-]{section.11.1}{\376\377\000B\000r\000e\000a\000k\000:\000\040\000o\000n\000t\000s\000n\000a\000p\000p\000e\000n\000\040\000a\000a\000n\000\040\000d\000e\000\040\000l\000o\000o\000p}{chapter.11}% 33
\BOOKMARK [1][-]{section.11.2}{\376\377\000C\000o\000n\000t\000i\000n\000u\000e\000:\000\040\000s\000t\000a\000p\000p\000e\000n\000\040\000o\000v\000e\000r\000s\000l\000a\000a\000n}{chapter.11}% 34
\BOOKMARK [1][-]{section.11.3}{\376\377\000O\000p\000d\000r\000a\000c\000h\000t\000e\000n}{chapter.11}% 35
\BOOKMARK [0][-]{chapter.12}{\376\377\000F\000u\000n\000c\000t\000i\000e\000s}{}% 36
\BOOKMARK [1][-]{section.12.1}{\376\377\000D\000e\000\040\000f\000u\000n\000c\000t\000i\000e\000\040\000d\000e\000f\000i\000n\000i\000t\000i\000e}{chapter.12}% 37
\BOOKMARK [2][-]{subsection.12.1.1}{\376\377\000F\000u\000n\000c\000t\000i\000e\000\040\000p\000a\000r\000a\000m\000e\000t\000e\000r\000s}{section.12.1}% 38
\BOOKMARK [2][-]{subsection.12.1.2}{\376\377\000F\000u\000n\000c\000t\000i\000e\000\040\000r\000e\000t\000u\000r\000n\000-\000w\000a\000a\000r\000d\000e\000n}{section.12.1}% 39
\BOOKMARK [1][-]{section.12.2}{\376\377\000S\000a\000m\000e\000n\000v\000a\000t\000t\000i\000n\000g}{chapter.12}% 40
\BOOKMARK [1][-]{section.12.3}{\376\377\000O\000p\000d\000r\000a\000c\000h\000t\000e\000n}{chapter.12}% 41
\BOOKMARK [0][-]{chapter.13}{\376\377\000W\000e\000r\000k\000e\000n\000\040\000m\000e\000t\000\040\000b\000e\000s\000t\000a\000n\000d\000e\000n}{}% 42
\BOOKMARK [1][-]{section.13.1}{\376\377\000S\000c\000h\000r\000i\000j\000v\000e\000n\000\040\000n\000a\000a\000r\000\040\000e\000e\000n\000\040\000b\000e\000s\000t\000a\000n\000d}{chapter.13}% 43
\BOOKMARK [1][-]{section.13.2}{\376\377\000L\000e\000z\000e\000n\000\040\000v\000a\000n\000\040\000e\000e\000n\000\040\000b\000e\000s\000t\000a\000n\000d}{chapter.13}% 44
\BOOKMARK [0][-]{chapter.14}{\376\377\000E\000r\000r\000o\000r\000\040\000a\000f\000h\000a\000n\000d\000e\000l\000i\000n\000g\000\040\000\050\000T\000r\000y\000/\000E\000x\000c\000e\000p\000t\000\051}{}% 45
\BOOKMARK [0][-]{chapter.15}{\376\377\000O\000b\000j\000e\000c\000t\000s\000\040\000e\000n\000\040\000C\000l\000a\000s\000s\000e\000s\000\040\000\050\000O\000O\000P\000\040\000i\000n\000t\000r\000o\000d\000u\000c\000t\000i\000e\000\051}{}% 46
\BOOKMARK [1][-]{section.15.1}{\376\377\000O\000p\000d\000r\000a\000c\000h\000t\000e\000n}{chapter.15}% 47
\BOOKMARK [0][-]{chapter.16}{\376\377\000A\000n\000t\000w\000o\000o\000r\000d\000e\000n\000\040\000v\000a\000n\000\040\000d\000e\000\040\000o\000p\000d\000r\000a\000c\000h\000t\000e\000n}{}% 48
\BOOKMARK [1][-]{section.16.1}{\376\377\000W\000a\000t\000\040\000i\000s\000\040\000P\000y\000t\000h\000o\000n\000?}{chapter.16}% 49
\BOOKMARK [1][-]{section.16.2}{\376\377\000P\000y\000t\000h\000o\000n\000\040\000a\000l\000s\000\040\000r\000e\000k\000e\000n\000m\000a\000c\000h\000i\000n\000e}{chapter.16}% 50
\BOOKMARK [2][-]{subsection.16.2.1}{\376\377\000V\000e\000r\000d\000i\000e\000p\000i\000n\000g\000\040\000m\000o\000d\000u\000l\000o\000\040\000e\000n\000\040\000f\000l\000o\000o\000r\000\040\000d\000i\000v\000i\000s\000i\000o\000n}{section.16.2}% 51
\BOOKMARK [1][-]{section.16.3}{\376\377\000F\000o\000r\000,\000\040\000W\000h\000i\000l\000e}{chapter.16}% 52
\BOOKMARK [1][-]{section.16.4}{\376\377\000B\000r\000e\000a\000k\000,\000\040\000C\000o\000n\000t\000i\000n\000u\000e}{chapter.16}% 53
\BOOKMARK [1][-]{section.16.5}{\376\377\000F\000u\000n\000c\000t\000i\000e\000s}{chapter.16}% 54
\BOOKMARK [1][-]{section.16.6}{\376\377\000O\000b\000j\000e\000c\000t\000s\000\040\000e\000n\000\040\000C\000l\000a\000s\000s\000e\000s\000\040\000\050\000O\000O\000P\000\040\000i\000n\000t\000r\000o\000d\000u\000c\000t\000i\000e\000\051}{chapter.16}% 55
\BOOKMARK [0][-]{section*.3}{\376\377\000I\000n\000d\000e\000x}{}% 56
